c:\users\tom\documents\gb-emulator-2.0\gb emulator 2.0\gb emulator 2.0\debug\vc142.pdb
c:\users\tom\documents\gb-emulator-2.0\gb emulator 2.0\gb emulator 2.0\debug\vc142.idb
c:\users\tom\documents\gb-emulator-2.0\gb emulator 2.0\gb emulator 2.0\debug\romonly.obj
c:\users\tom\documents\gb-emulator-2.0\gb emulator 2.0\gb emulator 2.0\debug\mbc1.obj
c:\users\tom\documents\gb-emulator-2.0\gb emulator 2.0\gb emulator 2.0\debug\mbc.obj
c:\users\tom\documents\gb-emulator-2.0\gb emulator 2.0\gb emulator 2.0\debug\main.obj
c:\users\tom\documents\gb-emulator-2.0\gb emulator 2.0\gb emulator 2.0\debug\gb.obj
c:\users\tom\documents\gb-emulator-2.0\gb emulator 2.0\gb emulator 2.0\debug\cartridge.obj
c:\users\tom\documents\gb-emulator-2.0\gb emulator 2.0\debug\gb emulator 2.0.pdb
c:\users\tom\documents\gb-emulator-2.0\gb emulator 2.0\gb emulator 2.0\debug\gb emulator 2.0.tlog\cl.command.1.tlog
c:\users\tom\documents\gb-emulator-2.0\gb emulator 2.0\gb emulator 2.0\debug\gb emulator 2.0.tlog\cl.read.1.tlog
c:\users\tom\documents\gb-emulator-2.0\gb emulator 2.0\gb emulator 2.0\debug\gb emulator 2.0.tlog\cl.write.1.tlog
c:\users\tom\documents\gb-emulator-2.0\gb emulator 2.0\gb emulator 2.0\debug\gb emulator 2.0.tlog\link-cvtres.read.1.tlog
c:\users\tom\documents\gb-emulator-2.0\gb emulator 2.0\gb emulator 2.0\debug\gb emulator 2.0.tlog\link-cvtres.write.1.tlog
c:\users\tom\documents\gb-emulator-2.0\gb emulator 2.0\gb emulator 2.0\debug\gb emulator 2.0.tlog\link-rc.read.1.tlog
c:\users\tom\documents\gb-emulator-2.0\gb emulator 2.0\gb emulator 2.0\debug\gb emulator 2.0.tlog\link-rc.write.1.tlog
c:\users\tom\documents\gb-emulator-2.0\gb emulator 2.0\gb emulator 2.0\debug\gb emulator 2.0.tlog\link.4576-cvtres.read.1.tlog
c:\users\tom\documents\gb-emulator-2.0\gb emulator 2.0\gb emulator 2.0\debug\gb emulator 2.0.tlog\link.4576-cvtres.write.1.tlog
c:\users\tom\documents\gb-emulator-2.0\gb emulator 2.0\gb emulator 2.0\debug\gb emulator 2.0.tlog\link.4576-rc.read.1.tlog
c:\users\tom\documents\gb-emulator-2.0\gb emulator 2.0\gb emulator 2.0\debug\gb emulator 2.0.tlog\link.4576-rc.write.1.tlog
c:\users\tom\documents\gb-emulator-2.0\gb emulator 2.0\gb emulator 2.0\debug\gb emulator 2.0.tlog\link.4576.read.1.tlog
c:\users\tom\documents\gb-emulator-2.0\gb emulator 2.0\gb emulator 2.0\debug\gb emulator 2.0.tlog\link.4576.write.1.tlog
c:\users\tom\documents\gb-emulator-2.0\gb emulator 2.0\gb emulator 2.0\debug\gb emulator 2.0.tlog\link.command.1.tlog
c:\users\tom\documents\gb-emulator-2.0\gb emulator 2.0\gb emulator 2.0\debug\gb emulator 2.0.tlog\link.read.1.tlog
c:\users\tom\documents\gb-emulator-2.0\gb emulator 2.0\gb emulator 2.0\debug\gb emulator 2.0.tlog\link.write.1.tlog
